Fri, 24 Jul 2015 18:06:33 getAll.py[line:40] INFO http://192.168.9.19:8319/keyword/getAll
Fri, 24 Jul 2015 18:06:33 getAll.py[line:41] INFO 200
Fri, 24 Jul 2015 18:06:33 getAll.py[line:42] ERROR None
Fri, 24 Jul 2015 18:06:35 elongweixin.py[line:65] INFO http://wxtest.corp.elong.com:8080/elongweixin
Fri, 24 Jul 2015 18:06:35 elongweixin.py[line:66] INFO 200
Fri, 24 Jul 2015 18:06:35 elongweixin.py[line:67] ERROR None
Fri, 24 Jul 2015 18:07:41 getAll.py[line:40] INFO http://192.168.9.19:8319/keyword/getAll
Fri, 24 Jul 2015 18:07:41 getAll.py[line:41] INFO 200
Fri, 24 Jul 2015 18:07:41 getAll.py[line:42] ERROR None
Fri, 24 Jul 2015 18:07:43 elongweixin.py[line:65] INFO http://wxtest.corp.elong.com:8080/elongweixin
Fri, 24 Jul 2015 18:07:43 elongweixin.py[line:66] INFO 200
Fri, 24 Jul 2015 18:07:43 elongweixin.py[line:67] ERROR None
Fri, 24 Jul 2015 18:08:50 getAll.py[line:40] INFO http://192.168.9.19:8319/keyword/getAll
Fri, 24 Jul 2015 18:08:50 getAll.py[line:41] INFO 200
Fri, 24 Jul 2015 18:08:50 getAll.py[line:42] ERROR None
Fri, 24 Jul 2015 18:08:52 elongweixin.py[line:65] INFO http://wxtest.corp.elong.com:8080/elongweixin
Fri, 24 Jul 2015 18:08:52 elongweixin.py[line:66] INFO 200
Fri, 24 Jul 2015 18:08:52 elongweixin.py[line:67] ERROR None
Fri, 24 Jul 2015 18:10:26 getAll.py[line:40] INFO http://192.168.9.19:8319/keyword/getAll
Fri, 24 Jul 2015 18:10:26 getAll.py[line:41] INFO 200
Fri, 24 Jul 2015 18:10:26 getAll.py[line:42] ERROR None
Fri, 24 Jul 2015 18:10:28 elongweixin.py[line:65] INFO http://wxtest.corp.elong.com:8080/elongweixin
Fri, 24 Jul 2015 18:10:28 elongweixin.py[line:66] INFO 200
Fri, 24 Jul 2015 18:10:28 elongweixin.py[line:67] ERROR None
Fri, 24 Jul 2015 18:10:35 getAll.py[line:40] INFO http://192.168.9.19:8319/keyword/getAll
Fri, 24 Jul 2015 18:10:35 getAll.py[line:41] INFO 200
Fri, 24 Jul 2015 18:10:35 getAll.py[line:42] ERROR None
Fri, 24 Jul 2015 18:10:38 elongweixin.py[line:65] INFO http://wxtest.corp.elong.com:8080/elongweixin
Fri, 24 Jul 2015 18:10:38 elongweixin.py[line:66] INFO 200
Fri, 24 Jul 2015 18:10:38 elongweixin.py[line:67] ERROR None
Fri, 24 Jul 2015 18:11:27 getAll.py[line:40] INFO http://192.168.9.19:8319/keyword/getAll
Fri, 24 Jul 2015 18:11:27 getAll.py[line:41] INFO 200
Fri, 24 Jul 2015 18:11:27 getAll.py[line:42] ERROR None
Fri, 24 Jul 2015 18:11:28 elongweixin.py[line:65] INFO http://wxtest.corp.elong.com:8080/elongweixin
Fri, 24 Jul 2015 18:11:28 elongweixin.py[line:66] INFO 200
Fri, 24 Jul 2015 18:11:28 elongweixin.py[line:67] ERROR None
Fri, 24 Jul 2015 18:12:06 getAll.py[line:40] INFO http://192.168.9.19:8319/keyword/getAll
Fri, 24 Jul 2015 18:12:06 getAll.py[line:41] INFO 200
Fri, 24 Jul 2015 18:12:06 getAll.py[line:42] ERROR None
Fri, 24 Jul 2015 18:12:12 elongweixin.py[line:65] INFO http://wxtest.corp.elong.com:8080/elongweixin
Fri, 24 Jul 2015 18:12:12 elongweixin.py[line:66] INFO 200
Fri, 24 Jul 2015 18:12:12 elongweixin.py[line:67] ERROR None
Fri, 24 Jul 2015 18:12:42 getAll.py[line:40] INFO http://192.168.9.19:8319/keyword/getAll
Fri, 24 Jul 2015 18:12:42 getAll.py[line:41] INFO 200
Fri, 24 Jul 2015 18:12:42 getAll.py[line:42] ERROR None
Fri, 24 Jul 2015 18:12:44 elongweixin.py[line:65] INFO http://wxtest.corp.elong.com:8080/elongweixin
Fri, 24 Jul 2015 18:12:44 elongweixin.py[line:66] INFO 200
Fri, 24 Jul 2015 18:12:44 elongweixin.py[line:67] ERROR None
